[debug] [2022-03-15T07:09:28.414Z] ----------------------------------------------------------------------
[debug] [2022-03-15T07:09:28.416Z] Command:       C:\laragon\bin\nodejs\node-v14\node.exe C:\laragon\bin\nodejs\node-v14\node_modules\firebase-tools\lib\bin\firebase.js init hosting
[debug] [2022-03-15T07:09:28.416Z] CLI Version:   10.2.2
[debug] [2022-03-15T07:09:28.416Z] Platform:      win32
[debug] [2022-03-15T07:09:28.416Z] Node Version:  v14.16.1
[debug] [2022-03-15T07:09:28.417Z] Time:          Tue Mar 15 2022 14:09:28 GMT+0700 (Indochina Time)
[debug] [2022-03-15T07:09:28.417Z] ----------------------------------------------------------------------
[debug] 
[debug] [2022-03-15T07:09:28.423Z] > command requires scopes: ["email","openid","https://www.googleapis.com/auth/cloudplatformprojects.readonly","https://www.googleapis.com/auth/firebase","https://www.googleapis.com/auth/cloud-platform"]
[debug] [2022-03-15T07:09:28.423Z] > authorizing via signed-in user (nhocngoc0203@gmail.com)
[info] 
     ######## #### ########  ######## ########     ###     ######  ########
     ##        ##  ##     ## ##       ##     ##  ##   ##  ##       ##
     ######    ##  ########  ######   ########  #########  ######  ######
     ##        ##  ##    ##  ##       ##     ## ##     ##       ## ##
     ##       #### ##     ## ######## ########  ##     ##  ######  ########

You're about to initialize a Firebase project in this directory:

  C:\Users\Admin\Desktop\tourmoi\tourmoi

[info] 
=== Project Setup
[info] 
[info] First, let's associate this project directory with a Firebase project.
[info] You can create multiple project aliases by running firebase use --add, 
[info] but for now we'll just set up a default project.
[info] 
[debug] [2022-03-15T07:09:32.037Z] >>> [apiv2][query] GET https://firebase.googleapis.com/v1beta1/projects pageSize=100
[debug] [2022-03-15T07:09:32.689Z] <<< [apiv2][status] GET https://firebase.googleapis.com/v1beta1/projects 200
[debug] [2022-03-15T07:09:32.690Z] <<< [apiv2][body] GET https://firebase.googleapis.com/v1beta1/projects [omitted]
[info] i  Using project tourmoi-d0e96 (tourmoi) 
[info] 
=== Hosting Setup
[info] 
[info] Your public directory is the folder (relative to your project directory) that
[info] will contain Hosting assets to be uploaded with firebase deploy. If you
[info] have a build process for your assets, use your build's output directory.
[info] 
[info] i  Skipping write of public/404.html 
[debug] [2022-03-15T07:10:00.042Z] >>> [apiv2][query] GET https://www.gstatic.com/firebasejs/releases.json [none]
[debug] [2022-03-15T07:10:00.177Z] <<< [apiv2][status] GET https://www.gstatic.com/firebasejs/releases.json 200
[debug] [2022-03-15T07:10:00.178Z] <<< [apiv2][body] GET https://www.gstatic.com/firebasejs/releases.json {"current":{"version":"9.6.8","browserURL":"https://www.gstatic.com/firebasejs/9.6.8/firebase.js","packageURL":"https://www.gstatic.com/firebasejs/9.6.8/firebase.tgz"},"live":{"version":"9.6","browserURL":"https://www.gstatic.com/firebasejs/live/9.6/firebase.js","packageURL":"https://www.gstatic.com/firebasejs/live/9.6/firebase.tgz"},"components":{"analytics":"https://www.gstatic.com/firebasejs/9.6.8/firebase-analytics.js","app":"https://www.gstatic.com/firebasejs/9.6.8/firebase-app.js","app-check":"https://www.gstatic.com/firebasejs/9.6.8/firebase-app-check.js","auth":"https://www.gstatic.com/firebasejs/9.6.8/firebase-auth.js","auth/cordova":"https://www.gstatic.com/firebasejs/9.6.8/firebase-auth/cordova.js","auth/react-native":"https://www.gstatic.com/firebasejs/9.6.8/firebase-auth/react-native.js","functions":"https://www.gstatic.com/firebasejs/9.6.8/firebase-functions.js","firestore":"https://www.gstatic.com/firebasejs/9.6.8/firebase-firestore.js","firestore/lite":"https://www.gstatic.com/firebasejs/9.6.8/firebase-firestore/lite.js","storage":"https://www.gstatic.com/firebasejs/9.6.8/firebase-storage.js","performance":"https://www.gstatic.com/firebasejs/9.6.8/firebase-performance.js","remote-config":"https://www.gstatic.com/firebasejs/9.6.8/firebase-remote-config.js","messaging":"https://www.gstatic.com/firebasejs/9.6.8/firebase-messaging.js","messaging/sw":"https://www.gstatic.com/firebasejs/9.6.8/firebase-messaging/sw.js","database":"https://www.gstatic.com/firebasejs/9.6.8/firebase-database.js","firestore.memory":"https://www.gstatic.com/firebasejs/9.6.8/firebase-firestore.memory.js"}}
[info] i  Skipping write of public/index.html 
[info] 
[info] i  Detected a .git folder at C:\Users\Admin\Desktop\tourmoi\tourmoi 
[info] i  Authorizing with GitHub to upload your service account to a GitHub repository's secrets store. 
[info] 
[info] Visit this URL on this device to log in:
[info] https://github.com/login/oauth/authorize?client_id=89cf50f02ac6aaed3484&state=553846161&redirect_uri=http%3A%2F%2Flocalhost%3A9005&scope=read%3Auser%20repo%20public_repo
[info] 
[info] Waiting for authentication...
[debug] [2022-03-15T07:10:14.548Z] >>> HTTP REQUEST POST https://github.com/login/oauth/access_token  
 {"client_id":"89cf50f02ac6aaed3484","client_secret":"3330d14abc895d9a74d5f17cd7a00711fa2c5bf0","code":"974091184a0085e4fc83","redirect_uri":"http://localhost:9005","state":"553846161"}
[debug] [2022-03-15T07:10:15.048Z] <<< HTTP RESPONSE 200 {"server":"GitHub.com","date":"Tue, 15 Mar 2022 07:10:13 GMT","content-type":"application/json; charset=utf-8","transfer-encoding":"chunked","vary":"X-PJAX, X-PJAX-Container, Accept-Encoding, Accept, X-Requested-With","permissions-policy":"interest-cohort=()","etag":"W/\"eee869fa43adc840f168f05c689cf5dc\"","cache-control":"max-age=0, private, must-revalidate","strict-transport-security":"max-age=31536000; includeSubdomains; preload","x-frame-options":"deny","x-content-type-options":"nosniff","x-xss-protection":"0","referrer-policy":"origin-when-cross-origin, strict-origin-when-cross-origin","expect-ct":"max-age=2592000, report-uri=\"https://api.github.com/_private/browser/errors\"","content-security-policy":"default-src 'none'; base-uri 'self'; block-all-mixed-content; child-src github.com/assets-cdn/worker/ gist.github.com/assets-cdn/worker/; connect-src 'self' uploads.github.com objects-origin.githubusercontent.com www.githubstatus.com collector.githubapp.com collector.github.com api.github.com github-cloud.s3.amazonaws.com github-production-repository-file-5c1aeb.s3.amazonaws.com github-production-upload-manifest-file-7fdce7.s3.amazonaws.com github-production-user-asset-6210df.s3.amazonaws.com cdn.optimizely.com logx.optimizely.com/v1/events translator.github.com wss://alive.github.com; font-src github.githubassets.com; form-action 'self' github.com gist.github.com objects-origin.githubusercontent.com; frame-ancestors 'none'; frame-src render.githubusercontent.com viewscreen.githubusercontent.com notebooks.githubusercontent.com; img-src 'self' data: github.githubassets.com identicons.github.com collector.githubapp.com collector.github.com github-cloud.s3.amazonaws.com secured-user-images.githubusercontent.com/ *.githubusercontent.com; manifest-src 'self'; media-src github.com user-images.githubusercontent.com/; script-src github.githubassets.com; style-src 'unsafe-inline' github.githubassets.com; worker-src github.com/assets-cdn/worker/ gist.github.com/assets-cdn/worker/","x-github-request-id":"E43C:7F75:18A5CAB:1E352AF:62303BD5"}
[debug] [2022-03-15T07:10:15.053Z] >>> [apiv2][query] GET https://api.github.com/user [none]
[debug] [2022-03-15T07:10:15.624Z] <<< [apiv2][status] GET https://api.github.com/user 200
[debug] [2022-03-15T07:10:15.624Z] <<< [apiv2][body] GET https://api.github.com/user {"login":"Github0203","id":83913474,"node_id":"MDQ6VXNlcjgzOTEzNDc0","avatar_url":"https://avatars.githubusercontent.com/u/83913474?v=4","gravatar_id":"","url":"https://api.github.com/users/Github0203","html_url":"https://github.com/Github0203","followers_url":"https://api.github.com/users/Github0203/followers","following_url":"https://api.github.com/users/Github0203/following{/other_user}","gists_url":"https://api.github.com/users/Github0203/gists{/gist_id}","starred_url":"https://api.github.com/users/Github0203/starred{/owner}{/repo}","subscriptions_url":"https://api.github.com/users/Github0203/subscriptions","organizations_url":"https://api.github.com/users/Github0203/orgs","repos_url":"https://api.github.com/users/Github0203/repos","events_url":"https://api.github.com/users/Github0203/events{/privacy}","received_events_url":"https://api.github.com/users/Github0203/received_events","type":"User","site_admin":false,"name":null,"company":null,"blog":"","location":null,"email":null,"hireable":null,"bio":null,"twitter_username":null,"public_repos":11,"public_gists":0,"followers":0,"following":0,"created_at":"2021-05-09T14:16:42Z","updated_at":"2022-03-15T05:17:06Z","private_gists":0,"total_private_repos":1,"owned_private_repos":1,"disk_usage":1046,"collaborators":0,"two_factor_authentication":false,"plan":{"name":"free","space":976562499,"collaborators":0,"private_repos":10000}}
[info] 
[info] +  Success! Logged into GitHub as Github0203 
[info] 
[debug] [2022-03-15T07:10:31.397Z] >>> [apiv2][query] GET https://api.github.com/repos/github02031901/tourmoi/actions/secrets/public-key type=owner
[debug] [2022-03-15T07:10:31.850Z] <<< [apiv2][status] GET https://api.github.com/repos/github02031901/tourmoi/actions/secrets/public-key 403
[debug] [2022-03-15T07:10:31.851Z] <<< [apiv2][body] GET https://api.github.com/repos/github02031901/tourmoi/actions/secrets/public-key {"message":"Must have admin rights to Repository.","documentation_url":"https://docs.github.com/rest/reference/actions#get-a-repository-public-key"}
[info] 
[info] 
[error] !  The provided authorization cannot be used with this repository. If this repository is in an organization, did you remember to grant access? 
[info] 
[info] i  Action required: Visit this URL to ensure access has been granted to the appropriate organization(s) for the Firebase CLI GitHub OAuth App: 
[info] https://github.com/settings/connections/applications/89cf50f02ac6aaed3484
[info] 
[debug] [2022-03-15T07:11:04.391Z] >>> [apiv2][query] GET https://api.github.com/repos/github02031901/actions/secrets/public-key type=owner
[debug] [2022-03-15T07:11:04.392Z] >>> [apiv2][query] GET https://api.github.com/repos///actions/secrets/public-key type=owner
[debug] [2022-03-15T07:11:04.834Z] <<< [apiv2][status] GET https://api.github.com/repos///actions/secrets/public-key 404
[debug] [2022-03-15T07:11:04.834Z] <<< [apiv2][body] GET https://api.github.com/repos///actions/secrets/public-key {"message":"Not Found","documentation_url":"https://docs.github.com/rest"}
[debug] [2022-03-15T07:11:04.839Z] <<< [apiv2][status] GET https://api.github.com/repos/github02031901/actions/secrets/public-key 404
[debug] [2022-03-15T07:11:04.839Z] <<< [apiv2][body] GET https://api.github.com/repos/github02031901/actions/secrets/public-key {"message":"Not Found","documentation_url":"https://docs.github.com/rest"}
[debug] [2022-03-15T07:11:09.629Z] >>> [apiv2][query] GET https://api.github.com/repos/tourmoi/github02031901/actions/secrets/public-key type=owner
[debug] [2022-03-15T07:11:10.083Z] <<< [apiv2][status] GET https://api.github.com/repos/tourmoi/github02031901/actions/secrets/public-key 404
[debug] [2022-03-15T07:11:10.083Z] <<< [apiv2][body] GET https://api.github.com/repos/tourmoi/github02031901/actions/secrets/public-key {"message":"Not Found","documentation_url":"https://docs.github.com/rest/reference/actions#get-a-repository-public-key"}
[debug] [2022-03-15T07:11:22.348Z] >>> [apiv2][query] GET https://api.github.com/repos/github02031901/tourmoi/actions/secrets/public-key type=owner
[debug] [2022-03-15T07:11:22.874Z] <<< [apiv2][status] GET https://api.github.com/repos/github02031901/tourmoi/actions/secrets/public-key 403
[debug] [2022-03-15T07:11:22.875Z] <<< [apiv2][body] GET https://api.github.com/repos/github02031901/tourmoi/actions/secrets/public-key {"message":"Must have admin rights to Repository.","documentation_url":"https://docs.github.com/rest/reference/actions#get-a-repository-public-key"}
[info] 
[info] 
[error] !  The provided authorization cannot be used with this repository. If this repository is in an organization, did you remember to grant access? 
[info] 
[info] i  Action required: Visit this URL to ensure access has been granted to the appropriate organization(s) for the Firebase CLI GitHub OAuth App: 
[info] https://github.com/settings/connections/applications/89cf50f02ac6aaed3484
[info] 
[debug] [2022-03-15T07:11:50.383Z] >>> [apiv2][query] GET https://api.github.com/repos/tourmoi/tourmoi/actions/secrets/public-key type=owner
[debug] [2022-03-15T07:11:50.828Z] <<< [apiv2][status] GET https://api.github.com/repos/tourmoi/tourmoi/actions/secrets/public-key 404
[debug] [2022-03-15T07:11:50.828Z] <<< [apiv2][body] GET https://api.github.com/repos/tourmoi/tourmoi/actions/secrets/public-key {"message":"Not Found","documentation_url":"https://docs.github.com/rest/reference/actions#get-a-repository-public-key"}
[debug] [2022-03-15T07:12:19.184Z] Error: kill ENOSYS
    at process.kill (internal/process/per_thread.js:200:13)
    at process.listener (C:\laragon\bin\nodejs\node-v14\node_modules\firebase-tools\node_modules\signal-exit\index.js:95:15)
    at process.emit (events.js:315:20)
[error] 
[error] Error: An unexpected error has occurred.
